[    0.000000] Linux version 4.15.0-212-generic (buildd@lcy02-amd64-083) (gcc version 7.5.0 (Ubuntu 7.5.0-3ubuntu1~18.04)) #223-Ubuntu SMP Tue May 23 13:09:22 UTC 2023 (Ubuntu 4.15.0-212.223-generic 4.15.18)
[    0.000000] Command line: BOOT_IMAGE=/boot/vmlinuz-4.15.0-212-generic root=LABEL=cloudimg-rootfs ro console=tty1 console=ttyS0
[    0.000000] KERNEL supported cpus:
[    0.000000]   Intel GenuineIntel
[    0.000000]   AMD AuthenticAMD
[    0.000000]   Centaur CentaurHauls
[    0.000000] x86/fpu: x87 FPU will use FXSAVE
[    0.000000] e820: BIOS-provided physical RAM map:
[    0.000000] BIOS-e820: [mem 0x0000000000000000-0x000000000009fbff] usable
[    0.000000] BIOS-e820: [mem 0x000000000009fc00-0x000000000009ffff] reserved
[    0.000000] BIOS-e820: [mem 0x00000000000f0000-0x00000000000fffff] reserved
[    0.000000] BIOS-e820: [mem 0x0000000000100000-0x000000003ffeffff] usable
[    0.000000] BIOS-e820: [mem 0x000000003fff0000-0x000000003fffffff] ACPI data
[    0.000000] BIOS-e820: [mem 0x00000000fec00000-0x00000000fec00fff] reserved
[    0.000000] BIOS-e820: [mem 0x00000000fee00000-0x00000000fee00fff] reserved
[    0.000000] BIOS-e820: [mem 0x00000000fffc0000-0x00000000ffffffff] reserved
[    0.000000] NX (Execute Disable) protection: active
[    0.000000] SMBIOS 2.5 present.
[    0.000000] DMI: innotek GmbH VirtualBox/VirtualBox, BIOS VirtualBox 12/01/2006
[    0.000000] Hypervisor detected: KVM
[    0.000000] e820: last_pfn = 0x3fff0 max_arch_pfn = 0x400000000
[    0.000000] MTRR: Disabled
[    0.000000] x86/PAT: MTRRs disabled, skipping PAT initialization too.
[    0.000000] CPU MTRRs all blank - virtualized system.
[    0.000000] x86/PAT: Configuration [0-7]: WB  WT  UC- UC  WB  WT  UC- UC  
[    0.000000] found SMP MP-table at [mem 0x0009fff0-0x0009ffff]
[    0.000000] Scanning 1 areas for low memory corruption
[    0.000000] RAMDISK: [mem 0x359cb000-0x36cdcfff]
[    0.000000] ACPI: Early table checksum verification disabled
[    0.000000] ACPI: RSDP 0x00000000000E0000 000024 (v02 VBOX  )
[    0.000000] ACPI: XSDT 0x000000003FFF0030 00003C (v01 VBOX   VBOXXSDT 00000001 ASL  00000061)
[    0.000000] ACPI: FACP 0x000000003FFF00F0 0000F4 (v04 VBOX   VBOXFACP 00000001 ASL  00000061)
[    0.000000] ACPI: DSDT 0x000000003FFF0610 002353 (v02 VBOX   VBOXBIOS 00000002 INTL 20100528)
[    0.000000] ACPI: FACS 0x000000003FFF0200 000040
[    0.000000] ACPI: FACS 0x000000003FFF0200 000040
[    0.000000] ACPI: APIC 0x000000003FFF0240 00005C (v02 VBOX   VBOXAPIC 00000001 ASL  00000061)
[    0.000000] ACPI: SSDT 0x000000003FFF02A0 00036C (v01 VBOX   VBOXCPUT 00000002 INTL 20100528)
[    0.000000] ACPI: Reserving FACP table memory at [mem 0x3fff00f0-0x3fff01e3]
[    0.000000] ACPI: Reserving DSDT table memory at [mem 0x3fff0610-0x3fff2962]
[    0.000000] ACPI: Reserving FACS table memory at [mem 0x3fff0200-0x3fff023f]
[    0.000000] ACPI: Reserving FACS table memory at [mem 0x3fff0200-0x3fff023f]
[    0.000000] ACPI: Reserving APIC table memory at [mem 0x3fff0240-0x3fff029b]
[    0.000000] ACPI: Reserving SSDT table memory at [mem 0x3fff02a0-0x3fff060b]
[    0.000000] No NUMA configuration found
[    0.000000] Faking a node at [mem 0x0000000000000000-0x000000003ffeffff]
[    0.000000] NODE_DATA(0) allocated [mem 0x3ffc5000-0x3ffeffff]
[    0.000000] kvm-clock: cpu 0, msr 0:3ff44001, primary cpu clock
[    0.000000] kvm-clock: Using msrs 4b564d01 and 4b564d00
[    0.000000] kvm-clock: using sched offset of 5363150809 cycles
[    0.000000] clocksource: kvm-clock: mask: 0xffffffffffffffff max_cycles: 0x1cd42e4dffb, max_idle_ns: 881590591483 ns
[    0.000000] Zone ranges:
[    0.000000]   DMA      [mem 0x0000000000001000-0x0000000000ffffff]
[    0.000000]   DMA32    [mem 0x0000000001000000-0x000000003ffeffff]
[    0.000000]   Normal   empty
[    0.000000]   Device   empty
[    0.000000] Movable zone start for each node
[    0.000000] Early memory node ranges
[    0.000000]   node   0: [mem 0x0000000000001000-0x000000000009efff]
[    0.000000]   node   0: [mem 0x0000000000100000-0x000000003ffeffff]
[    0.000000] Reserved but unavailable: 104 pages
[    0.000000] Initmem setup node 0 [mem 0x0000000000001000-0x000000003ffeffff]
[    0.000000] ACPI: PM-Timer IO Port: 0x4008
[    0.000000] IOAPIC[0]: apic_id 2, version 32, address 0xfec00000, GSI 0-23
[    0.000000] ACPI: INT_SRC_OVR (bus 0 bus_irq 0 global_irq 2 dfl dfl)
[    0.000000] ACPI: INT_SRC_OVR (bus 0 bus_irq 9 global_irq 9 low level)
[    0.000000] Using ACPI (MADT) for SMP configuration information
[    0.000000] smpboot: Allowing 2 CPUs, 0 hotplug CPUs
[    0.000000] PM: Registered nosave memory: [mem 0x00000000-0x00000fff]
[    0.000000] PM: Registered nosave memory: [mem 0x0009f000-0x0009ffff]
[    0.000000] PM: Registered nosave memory: [mem 0x000a0000-0x000effff]
[    0.000000] PM: Registered nosave memory: [mem 0x000f0000-0x000fffff]
[    0.000000] e820: [mem 0x40000000-0xfebfffff] available for PCI devices
[    0.000000] Booting paravirtualized kernel on KVM
[    0.000000] clocksource: refined-jiffies: mask: 0xffffffff max_cycles: 0xffffffff, max_idle_ns: 7645519600211568 ns
[    0.000000] setup_percpu: NR_CPUS:8192 nr_cpumask_bits:2 nr_cpu_ids:2 nr_node_ids:1
[    0.000000] percpu: Embedded 50 pages/cpu s167936 r8192 d28672 u1048576
[    0.000000] PV qspinlock hash table entries: 256 (order: 0, 4096 bytes)
[    0.000000] Built 1 zonelists, mobility grouping on.  Total pages: 257913
[    0.000000] Policy zone: DMA32
[    0.000000] Kernel command line: BOOT_IMAGE=/boot/vmlinuz-4.15.0-212-generic root=LABEL=cloudimg-rootfs ro console=tty1 console=ttyS0
[    0.000000] Memory: 982644K/1048120K available (12300K kernel code, 2477K rwdata, 4324K rodata, 2480K init, 2720K bss, 65476K reserved, 0K cma-reserved)
[    0.000000] SLUB: HWalign=64, Order=0-3, MinObjects=0, CPUs=2, Nodes=1
[    0.000000] Kernel/User page tables isolation: enabled
[    0.000000] ftrace: allocating 39508 entries in 155 pages
[    0.004000] Hierarchical RCU implementation.
[    0.004000] 	RCU restricting CPUs from NR_CPUS=8192 to nr_cpu_ids=2.
[    0.004000] 	Tasks RCU enabled.
[    0.004000] RCU: Adjusting geometry for rcu_fanout_leaf=16, nr_cpu_ids=2
[    0.004000] NR_IRQS: 524544, nr_irqs: 440, preallocated irqs: 16
[    0.004000] random: crng init done
[    0.004000] Console: colour VGA+ 80x25
[    0.004000] console [tty1] enabled
[    0.004000] console [ttyS0] enabled
[    0.004000] ACPI: Core revision 20170831
[    0.004000] ACPI: 2 ACPI AML tables successfully acquired and loaded
[    0.004000] APIC: Switch to symmetric I/O mode setup
[    0.004000] ..TIMER: vector=0x30 apic1=0 pin1=2 apic2=-1 pin2=-1
[    0.004009] tsc: Detected 2807.998 MHz processor
[    0.008020] Calibrating delay loop (skipped) preset value.. 5615.99 BogoMIPS (lpj=11231992)
[    0.012007] pid_max: default: 32768 minimum: 301
[    0.016095] Security Framework initialized
[    0.020012] Yama: becoming mindful.
[    0.028180] AppArmor: AppArmor initialized
[    0.044457] Dentry cache hash table entries: 131072 (order: 8, 1048576 bytes)
[    0.055134] Inode-cache hash table entries: 65536 (order: 7, 524288 bytes)
[    0.056186] Mount-cache hash table entries: 2048 (order: 2, 16384 bytes)
[    0.060095] Mountpoint-cache hash table entries: 2048 (order: 2, 16384 bytes)
[    0.072222] Last level iTLB entries: 4KB 64, 2MB 8, 4MB 8
[    0.076003] Last level dTLB entries: 4KB 64, 2MB 0, 4MB 0, 1GB 4
[    0.080005] Spectre V1 : Mitigation: usercopy/swapgs barriers and __user pointer sanitization
[    0.088008] Spectre V2 : Mitigation: Retpolines
[    0.092005] Spectre V2 : Spectre v2 / SpectreRSB mitigation: Filling RSB on context switch
[    0.096006] Spectre V2 : Spectre v2 / SpectreRSB : Filling RSB on VMEXIT
[    0.100006] RETBleed: WARNING: Spectre v2 mitigation leaves CPU vulnerable to RETBleed attacks, data leaks possible!
[    0.104006] RETBleed: Vulnerable
[    0.108008] Speculative Store Bypass: Vulnerable
[    0.112278] MDS: Mitigation: Clear CPU buffers
[    0.116009] MMIO Stale Data: Mitigation: Clear CPU buffers
[    0.120008] SRBDS: Unknown: Dependent on hypervisor status
[    0.124200] Freeing SMP alternatives memory: 36K
[    0.242654] smpboot: CPU0: Intel(R) Core(TM) i7-6600U CPU @ 2.60GHz (family: 0x6, model: 0x4e, stepping: 0x3)
[    0.245085] Performance Events: unsupported p6 CPU model 78 no PMU driver, software events only.
[    0.248254] Hierarchical SRCU implementation.
[    0.257294] NMI watchdog: Perf event create on CPU 0 failed with -2
[    0.260214] NMI watchdog: Perf NMI watchdog permanently disabled
[    0.264853] smp: Bringing up secondary CPUs ...
[    0.273079] x86: Booting SMP configuration:
[    0.276006] .... node  #0, CPUs:      #1
[    0.004000] kvm-clock: cpu 1, msr 0:3ff44041, secondary cpu clock
[    0.306109] TSC synchronization [CPU#0 -> CPU#1]:
[    0.308000] Measured 109371 cycles TSC warp between CPUs, turning off TSC clock.
[    0.308000] tsc: Marking TSC unstable due to check_tsc_sync_source failed
[    0.316437] smp: Brought up 1 node, 2 CPUs
[    0.320010] smpboot: Max logical packages: 1
[    0.324008] smpboot: Total of 2 processors activated (11231.99 BogoMIPS)
[    0.333390] devtmpfs: initialized
[    0.336228] x86/mm: Memory block size: 128MB
[    0.344724] evm: security.selinux
[    0.348003] evm: security.SMACK64
[    0.352005] evm: security.SMACK64EXEC
[    0.356002] evm: security.SMACK64TRANSMUTE
[    0.360005] evm: security.SMACK64MMAP
[    0.364005] evm: security.apparmor
[    0.368005] evm: security.ima
[    0.372002] evm: security.capability
[    0.384010] clocksource: jiffies: mask: 0xffffffff max_cycles: 0xffffffff, max_idle_ns: 7645041785100000 ns
[    0.388010] futex hash table entries: 512 (order: 3, 32768 bytes)
[    0.392285] pinctrl core: initialized pinctrl subsystem
[    0.397573] RTC time: 20:46:29, date: 02/18/24
[    0.408433] NET: Registered protocol family 16
[    0.412275] audit: initializing netlink subsys (disabled)
[    0.416521] audit: type=2000 audit(1708289194.817:1): state=initialized audit_enabled=0 res=1
[    0.448019] cpuidle: using governor ladder
[    0.452012] cpuidle: using governor menu
[    0.456095] ACPI: bus type PCI registered
[    0.460004] acpiphp: ACPI Hot Plug PCI Controller Driver version: 0.5
[    0.465706] PCI: Using configuration type 1 for base access
[    0.480873] HugeTLB registered 2.00 MiB page size, pre-allocated 0 pages
[    0.489779] ACPI: Added _OSI(Module Device)
[    0.492012] ACPI: Added _OSI(Processor Device)
[    0.496007] ACPI: Added _OSI(3.0 _SCP Extensions)
[    0.500003] ACPI: Added _OSI(Processor Aggregator Device)
[    0.504008] ACPI: Added _OSI(Linux-Dell-Video)
[    0.508008] ACPI: Added _OSI(Linux-Lenovo-NV-HDMI-Audio)
[    0.512008] ACPI: Added _OSI(Linux-HPI-Hybrid-Graphics)
[    0.520501] ACPI: Executed 1 blocks of module-level executable AML code
[    0.536751] ACPI: Interpreter enabled
[    0.540027] ACPI: (supports S0 S5)
[    0.544008] ACPI: Using IOAPIC for interrupt routing
[    0.549276] PCI: Using host bridge windows from ACPI; if necessary, use "pci=nocrs" and report a bug
[    0.552693] ACPI: Enabled 2 GPEs in block 00 to 07
[    0.583227] ACPI: PCI Root Bridge [PCI0] (domain 0000 [bus 00-ff])
[    0.584015] acpi PNP0A03:00: _OSC: OS supports [ASPM ClockPM Segments MSI]
[    0.592326] acpi PNP0A03:00: _OSC: not requesting OS control; OS requires [ExtendedConfig ASPM ClockPM MSI]
[    0.596014] acpi PNP0A03:00: fail to add MMCONFIG information, can't access extended PCI configuration space under this bridge.
[    0.606046] PCI host bridge to bus 0000:00
[    0.608010] pci_bus 0000:00: root bus resource [io  0x0000-0x0cf7 window]
[    0.612009] pci_bus 0000:00: root bus resource [io  0x0d00-0xffff window]
[    0.616006] pci_bus 0000:00: root bus resource [mem 0x000a0000-0x000bffff window]
[    0.620014] pci_bus 0000:00: root bus resource [mem 0x40000000-0xfdffffff window]
[    0.624009] pci_bus 0000:00: root bus resource [bus 00-ff]
[    0.648007] pci 0000:00:01.1: legacy IDE quirk: reg 0x10: [io  0x01f0-0x01f7]
[    0.652009] pci 0000:00:01.1: legacy IDE quirk: reg 0x14: [io  0x03f6]
[    0.656006] pci 0000:00:01.1: legacy IDE quirk: reg 0x18: [io  0x0170-0x0177]
[    0.660008] pci 0000:00:01.1: legacy IDE quirk: reg 0x1c: [io  0x0376]
[    0.722443] pci 0000:00:07.0: quirk: [io  0x4000-0x403f] claimed by PIIX4 ACPI
[    0.724104] pci 0000:00:07.0: quirk: [io  0x4100-0x410f] claimed by PIIX4 SMB
[    0.749087] ACPI: PCI Interrupt Link [LNKA] (IRQs 5 9 10 *11)
[    0.753248] ACPI: PCI Interrupt Link [LNKB] (IRQs 5 9 *10 11)
[    0.756464] ACPI: PCI Interrupt Link [LNKC] (IRQs 5 *9 10 11)
[    0.760459] ACPI: PCI Interrupt Link [LNKD] (IRQs 5 9 10 *11)
[    0.765094] SCSI subsystem initialized
[    0.772136] pci 0000:00:02.0: vgaarb: setting as boot VGA device
[    0.776000] pci 0000:00:02.0: vgaarb: VGA device added: decodes=io+mem,owns=io+mem,locks=none
[    0.776015] pci 0000:00:02.0: vgaarb: bridge control possible
[    0.780003] vgaarb: loaded
[    0.784198] ACPI: bus type USB registered
[    0.788038] usbcore: registered new interface driver usbfs
[    0.792071] usbcore: registered new interface driver hub
[    0.796015] usbcore: registered new device driver usb
[    0.804185] EDAC MC: Ver: 3.0.0
[    0.816246] PCI: Using ACPI for IRQ routing
[    0.821960] NetLabel: Initializing
[    0.824006] NetLabel:  domain hash size = 128
[    0.828007] NetLabel:  protocols = UNLABELED CIPSOv4 CALIPSO
[    0.832038] NetLabel:  unlabeled traffic allowed by default
[    0.840009] clocksource: Switched to clocksource kvm-clock
[    0.863228] VFS: Disk quotas dquot_6.6.0
[    0.863228] VFS: Dquot-cache hash table entries: 512 (order 0, 4096 bytes)
[    0.863228] AppArmor: AppArmor Filesystem Enabled
[    0.863228] pnp: PnP ACPI init
[    0.863228] pnp: PnP ACPI: found 3 devices
[    1.081700] clocksource: acpi_pm: mask: 0xffffff max_cycles: 0xffffff, max_idle_ns: 2085701024 ns
[    1.084477] NET: Registered protocol family 2
[    1.084477] IP idents hash table entries: 16384 (order: 5, 131072 bytes)
[    1.121705] TCP established hash table entries: 8192 (order: 4, 65536 bytes)
[    1.134823] TCP bind hash table entries: 8192 (order: 5, 131072 bytes)
[    1.149562] TCP: Hash tables configured (established 8192 bind 8192)
[    1.152546] UDP hash table entries: 512 (order: 2, 16384 bytes)
[    1.152546] UDP-Lite hash table entries: 512 (order: 2, 16384 bytes)
[    1.152546] NET: Registered protocol family 1
[    1.152546] pci 0000:00:00.0: Limiting direct PCI/PCI transfers
[    1.152546] pci 0000:00:01.0: Activating ISA DMA hang workarounds
[    1.152546] pci 0000:00:02.0: Video device with shadowed ROM at [mem 0x000c0000-0x000dffff]
[    1.236282] Unpacking initramfs...
[    2.256069] Freeing initrd memory: 19528K
[    2.265990] clocksource: tsc: mask: 0xffffffffffffffff max_cycles: 0x2879c456dd4, max_idle_ns: 440795285767 ns
[    2.286223] platform rtc_cmos: registered platform RTC device (no PNP device found)
[    2.302118] Scanning for low memory corruption every 60 seconds
[    2.318479] Initialise system trusted keyrings
[    2.328785] Key type blacklist registered
[    2.340749] workingset: timestamp_bits=36 max_order=18 bucket_order=0
[    2.359278] zbud: loaded
[    2.369630] squashfs: version 4.0 (2009/01/31) Phillip Lougher
[    2.384590] fuse init (API version 7.26)
[    2.466455] Key type asymmetric registered
[    2.482458] Asymmetric key parser 'x509' registered
[    2.501521] Block layer SCSI generic (bsg) driver version 0.4 loaded (major 246)
[    2.525397] io scheduler noop registered
[    2.536432] io scheduler deadline registered
[    2.548982] io scheduler cfq registered (default)
[    2.566205] ACPI: AC Adapter [AC] (off-line)
[    2.577818] input: Power Button as /devices/LNXSYSTM:00/LNXPWRBN:00/input/input0
[    2.597808] ACPI: Power Button [PWRF]
[    2.605669] input: Sleep Button as /devices/LNXSYSTM:00/LNXSLPBN:00/input/input1
[    2.621152] ACPI: Sleep Button [SLPF]
[    2.633421] Serial: 8250/16550 driver, 32 ports, IRQ sharing enabled
[    2.637623] ACPI: Battery Slot [BAT0] (battery present)
[    2.695350] 00:02: ttyS0 at I/O 0x3f8 (irq = 4, base_baud = 115200) is a 16550A
[    2.756380] Linux agpgart interface v0.103
[    2.788368] loop: module loaded
[    2.801802] scsi host0: ata_piix
[    2.810846] scsi host1: ata_piix
[    2.816867] ata1: PATA max UDMA/33 cmd 0x1f0 ctl 0x3f6 bmdma 0xd000 irq 14
[    2.832793] ata2: PATA max UDMA/33 cmd 0x170 ctl 0x376 bmdma 0xd008 irq 15
[    2.846214] tun: Universal TUN/TAP device driver, 1.6
[    2.856834] PPP generic driver version 2.4.2
[    2.865816] ehci_hcd: USB 2.0 'Enhanced' Host Controller (EHCI) Driver
[    2.877899] ehci-pci: EHCI PCI platform driver
[    2.886383] ehci-platform: EHCI generic platform driver
[    2.896406] ohci_hcd: USB 1.1 'Open' Host Controller (OHCI) Driver
[    2.907444] ohci-pci: OHCI PCI platform driver
[    2.916335] ohci-platform: OHCI generic platform driver
[    2.926327] uhci_hcd: USB Universal Host Controller Interface driver
[    2.938404] i8042: PNP: PS/2 Controller [PNP0303:PS2K,PNP0f03:PS2M] at 0x60,0x64 irq 1,12
[    2.962574] serio: i8042 KBD port at 0x60,0x64 irq 1
[    2.973497] serio: i8042 AUX port at 0x60,0x64 irq 12
[    2.997338] mousedev: PS/2 mouse device common for all mice
[    3.123863] input: AT Translated Set 2 keyboard as /devices/platform/i8042/serio0/input/input2
[    3.149629] rtc_cmos rtc_cmos: rtc core: registered rtc_cmos as rtc0
[    3.167133] rtc_cmos rtc_cmos: alarms up to one day, 114 bytes nvram
[    3.182012] i2c /dev entries driver
[    3.192516] device-mapper: uevent: version 1.0.3
[    3.203138] device-mapper: ioctl: 4.37.0-ioctl (2017-09-20) initialised: dm-devel@redhat.com
[    3.223783] ledtrig-cpu: registered to indicate activity on CPUs
[    3.243076] NET: Registered protocol family 10
[    3.287723] Segment Routing with IPv6
[    3.307185] NET: Registered protocol family 17
[    3.331073] Key type dns_resolver registered
[    3.353503] mce: Using 0 MCE banks
[    3.369331] RAS: Correctable Errors collector initialized.
[    3.384958] sched_clock: Marking stable (3384817016, 0)->(5648495297, -2263678281)
[    3.416494] registered taskstats version 1
[    3.423535] Loading compiled-in X.509 certificates
[    3.443407] Loaded X.509 cert 'Build time autogenerated kernel key: b5b26778eaa3ab3a4a6cee031137706e947d12ad'
[    3.465230] Loaded X.509 cert 'Canonical Ltd. Live Patch Signing: 14df34d1a87cf37625abec039ef2bf521249b969'
[    3.487587] Loaded X.509 cert 'Canonical Ltd. Kernel Module Signing: 88f752e560a1e0737e31163a466ad7b70a850c19'
[    3.511001] blacklist: Loading compiled-in revocation X.509 certificates
[    3.527721] Loaded X.509 cert 'Canonical Ltd. Secure Boot Signing: 61482aa2830d0ab2ad5af10b7250da9033ddcef0'
[    3.552736] Loaded X.509 cert 'Canonical Ltd. Secure Boot Signing (2017): 242ade75ac4a15e50d50c84b0d45ff3eae707a03'
[    3.574031] Loaded X.509 cert 'Canonical Ltd. Secure Boot Signing (ESM 2018): 365188c1d374d6b07c3c8f240f8ef722433d6a8b'
[    3.595473] Loaded X.509 cert 'Canonical Ltd. Secure Boot Signing (2019): c0746fd6c5da3ae827864651ad66ae47fe24b3e8'
[    3.615621] Loaded X.509 cert 'Canonical Ltd. Secure Boot Signing (2021 v1): a8d54bbb3825cfb94fa13c9f8a594a195c107b8d'
[    3.638285] Loaded X.509 cert 'Canonical Ltd. Secure Boot Signing (2021 v2): 4cf046892d6fd3c9a5b03f98d845f90851dc6a8c'
[    3.657759] Loaded X.509 cert 'Canonical Ltd. Secure Boot Signing (2021 v3): 100437bb6de6e469b581e61cd66bce3ef4ed53af'
[    3.678418] Loaded X.509 cert 'Canonical Ltd. Secure Boot Signing (Ubuntu Core 2019): c1d57b8f6b743f23ee41f4f7ee292f06eecadfb9'
[    3.702537] zswap: loaded using pool lzo/zbud
[    3.737750] Key type big_key registered
[    3.746755] Key type trusted registered
[    3.765211] Key type encrypted registered
[    3.774296] AppArmor: AppArmor sha1 policy hashing enabled
[    3.787851] ima: No TPM chip found, activating TPM-bypass! (rc=-19)
[    3.801907] ima: Allocated hash algorithm: sha1
[    3.812358] evm: HMAC attrs: 0x1
[    3.823125]   Magic number: 12:685:801
[    3.831679] acpi PNP0F03:00: hash matches
[    3.842909] rtc_cmos rtc_cmos: setting system clock to 2024-02-18 20:46:33 UTC (1708289193)
[    3.862193] BIOS EDD facility v0.16 2004-Jun-25, 0 devices found
[    3.876545] EDD information not available.
[    3.895548] Freeing unused kernel image memory: 2480K
[    3.924901] Write protecting the kernel read-only data: 20480k
[    3.938957] Freeing unused kernel image memory: 2008K
[    3.948210] Freeing unused kernel image memory: 1820K
[    3.965327] x86/mm: Checked W+X mappings: passed, no W+X pages found.
[    3.976758] x86/mm: Checking user space page tables
[    3.994680] x86/mm: Checked W+X mappings: passed, no W+X pages found.
Loading, please wait...
starting version 237
[    4.282079] e1000: Intel(R) PRO/1000 Network Driver - version 7.3.21-k8-NAPI
[    4.299172] e1000: Copyright (c) 1999-2006 Intel Corporation.
[    4.324781] Fusion MPT base driver 3.04.20
[    4.335726] Copyright (c) 1999-2008 LSI Corporation
[    4.427122] SSE version of gcm_enc/dec engaged.
[    4.513457] Fusion MPT SPI Host driver 3.04.20
[    4.764926] input: ImExPS/2 Generic Explorer Mouse as /devices/platform/i8042/serio1/input/input4
[    5.871292] e1000 0000:00:03.0 eth0: (PCI:33MHz:32-bit) 02:3b:7b:b7:3b:2d
[    5.883641] e1000 0000:00:03.0 eth0: Intel(R) PRO/1000 Network Connection
[    5.903964] mptbase: ioc0: Initiating bringup
[    6.055284] ioc0: LSI53C1030 A0: Capabilities={Initiator}
[    6.408342] scsi host2: ioc0: LSI53C1030 A0, FwRev=00000000h, Ports=1, MaxQ=256, IRQ=20
[    6.602204] scsi 2:0:0:0: Direct-Access     VBOX     HARDDISK         1.0  PQ: 0 ANSI: 5
[    6.684825] scsi target2:0:0: Beginning Domain Validation
[    6.772315] scsi target2:0:0: Domain Validation skipping write tests
[    6.787918] scsi target2:0:0: Ending Domain Validation
[    6.805172] scsi target2:0:0: asynchronous
[    6.825568] scsi 2:0:1:0: Direct-Access     VBOX     HARDDISK         1.0  PQ: 0 ANSI: 5
[    7.092160] scsi target2:0:1: Beginning Domain Validation
[    7.154192] scsi target2:0:1: Domain Validation skipping write tests
[    7.168330] scsi target2:0:1: Ending Domain Validation
[    7.179851] scsi target2:0:1: asynchronous
[    7.219367] sd 2:0:0:0: [sda] 83886080 512-byte logical blocks: (42.9 GB/40.0 GiB)
[    7.236797] sd 2:0:0:0: Attached scsi generic sg0 type 0
[    7.249285] sd 2:0:0:0: [sda] Write Protect is off
[    7.262012] sd 2:0:1:0: Attached scsi generic sg1 type 0
[    7.277946] sd 2:0:0:0: [sda] Incomplete mode parameter data
[    7.294438] sd 2:0:0:0: [sda] Assuming drive cache: write through
[    7.317086] sd 2:0:1:0: [sdb] 20480 512-byte logical blocks: (10.5 MB/10.0 MiB)
[    7.339160] sd 2:0:1:0: [sdb] Write Protect is off
[    7.350583]  sda: sda1
[    7.358716] sd 2:0:1:0: [sdb] Incomplete mode parameter data
[    7.371635] sd 2:0:1:0: [sdb] Assuming drive cache: write through
[    7.388648] sd 2:0:0:0: [sda] Attached SCSI disk
[    7.411541] sd 2:0:1:0: [sdb] Attached SCSI disk
[    8.087589] e1000 0000:00:08.0 eth1: (PCI:33MHz:32-bit) 08:00:27:61:56:cc
[    8.101184] e1000 0000:00:08.0 eth1: Intel(R) PRO/1000 Network Connection
[    8.123365] e1000 0000:00:03.0 enp0s3: renamed from eth0
[    8.149673] e1000 0000:00:08.0 enp0s8: renamed from eth1
Begin: Loading essential drivers ... [   14.505663] raid6: sse2x1   gen() 64007 MB/s
[   16.504879] raid6: sse2x1   xor() 94455 MB/s
[   17.513729] raid6: sse2x2   gen() 167217 MB/s
[   18.536613] raid6: sse2x2   xor() 102891 MB/s
[   19.515793] raid6: sse2x4   gen() 157065 MB/s
[   19.574387] raid6: sse2x4   xor()  4424 MB/s
[   19.583927] raid6: using algorithm sse2x2 gen() 167217 MB/s
[   19.595663] raid6: .... xor() 102891 MB/s, rmw enabled
[   19.609006] raid6: using ssse3x2 recovery algorithm
[   19.626460] xor: measuring software checksum speed
[   19.672474]    prefetch64-sse: 11457.000 MB/sec
[   19.716573]    generic_sse: 14579.000 MB/sec
[   19.724482] xor: using function: generic_sse (14579.000 MB/sec)
[   19.741292] async_tx: api initialized (async)
done.
Begin: Running /scripts/init-premount ... done.
Begin: Mounting root file system ... Begin: Running /scripts/local-top ... done.
Begin: Running /scripts/local-premount ... [   19.893822] Btrfs loaded, crc32c=crc32c-intel
Scanning for Btrfs filesystems
done.
Warning: fsck not present, so skipping root file system
[   20.029083] EXT4-fs (sda1): mounted filesystem with ordered data mode. Opts: (null)
done.
Begin: Running /scripts/local-bottom ... done.
Begin: Running /scripts/init-bottom ... done.
[   20.525052] ip_tables: (C) 2000-2006 Netfilter Core Team
[   20.604624] systemd[1]: systemd 237 running in system mode. (+PAM +AUDIT +SELINUX +IMA +APPARMOR +SMACK +SYSVINIT +UTMP +LIBCRYPTSETUP +GCRYPT +GNUTLS +ACL +XZ +LZ4 +SECCOMP +BLKID +ELFUTILS +KMOD -IDN2 +IDN -PCRE2 default-hierarchy=hybrid)
[   20.667968] systemd[1]: Detected virtualization oracle.
[   20.679826] systemd[1]: Detected architecture x86-64.

Welcome to [1mUbuntu 18.04.6 LTS[0m!

[   20.777663] systemd[1]: Set hostname to <ubuntu>.
[   20.798778] systemd[1]: Initializing machine ID from random generator.
[   20.811861] systemd[1]: Installed transient /etc/machine-id file.
[   21.485401] systemd[1]: Created slice User and Session Slice.
[[0;32m  OK  [0m] Created slice User and Session Slice.
[   21.501461] systemd[1]: Reached target System Time Synchronized.
[[0;32m  OK  [0m] Reached target System Time Synchronized.
[   21.518253] systemd[1]: Set up automount Arbitrary Executable File Formats File System Automount Point.
[[0;32m  OK  [0m] Set up automount Arbitrary Executab…rmats File System Automount Point.
[   21.539825] systemd[1]: Reached target User and Group Name Lookups.
[[0;32m  OK  [0m] Reached target User and Group Name Lookups.
[[0;32m  OK  [0m] Reached target Swap.
[[0;32m  OK  [0m] Reached target Mounting snaps.
[[0;32m  OK  [0m] Reached target Mounted snaps.
[[0;32m  OK  [0m] Created slice System Slice.
[[0;32m  OK  [0m] Listening on Journal Socket (/dev/log).
[[0;32m  OK  [0m] Listening on udev Kernel Socket.
[[0;32m  OK  [0m] Listening on LVM2 metadata daemon socket.
[[0;32m  OK  [0m] Listening on Syslog Socket.
[[0;32m  OK  [0m] Listening on LVM2 poll daemon socket.
[[0;32m  OK  [0m] Listening on Journal Socket.
         Starting Uncomplicated firewall...
         Starting Set the console keyboard layout...
         Mounting Huge Pages File System...
[[0;32m  OK  [0m] Created slice system-serial\x2dgetty.slice.
         Mounting POSIX Message Queue File System...
         Starting Create list of required st…ce nodes for the current kernel...
         Mounting Kernel Debug File System...
[[0;32m  OK  [0m] Listening on /dev/initctl Compatibility Named Pipe.
[[0;32m  OK  [0m] Listening on Network Service Netlink Socket.
[[0;32m  OK  [0m] Reached target Slices.
[[0;32m  OK  [0m] Listening on fsck to fsckd communication Socket.
         Starting File System Check on Root Device...
[[0;32m  OK  [0m] Listening on udev Control Socket.
         Starting udev Coldplug all Devices...
[[0;32m  OK  [0m] Listening on Journal Audit Socket.
         Starting Journal Service...
[[0;32m  OK  [0m] Listening on Device-mapper event daemon FIFOs.
         Starting Monitoring of LVM2 mirrors…ng dmeventd or progress polling...
[[0;32m  OK  [0m] Started Forward Password Requests to Wall Directory Watch.
         Starting Load Kernel Modules...
[[0;32m  OK  [0m] Started Uncomplicated firewall.
[[0;32m  OK  [0m] Mounted Huge Pages File System.
[[0;32m  OK  [0m] Mounted POSIX Message Queue File System.
[[0;32m  OK  [0m] Started Create list of required sta…vice nodes for the current kernel.
[[0;32m  OK  [0m] Mounted Kernel Debug File System.
[[0;32m  OK  [0m] Started File System Check on Root Device.
[[0;32m  OK  [0m] Started File System Check Daemon to report status.
         Starting Remount Root and Kernel File Systems...
         Starting Create Static Device Nodes in /dev...
[[0;32m  OK  [0m] Started LVM2 metadata daemon.
[[0;32m  OK  [0m] Started udev Coldplug all Devices.
[[0;32m  OK  [0m] Started Create Static Device Nodes in /dev.
[   22.134108] Loading iSCSI transport class v2.0-870.
[[0;32m  OK  [0m] Started Journal Service.
[   22.167820] EXT4-fs (sda1): re-mounted. Opts: (null)
[[0;32m  OK  [0m] Started Remount Root and Kernel File Systems.
         Starting udev Kernel Device Manager...
         Starting Flush Journal to Persistent Storage...
         Starting Load/Save Random Seed...
[[0;32m  OK  [0m] Started Monitoring of LVM2 mirrors,…sing dmeventd or progress polling.
[   22.278802] systemd-journald[416]: Received request to flush runtime journal from PID 1
[   22.299958] iscsi: registered transport (tcp)
[[0;32m  OK  [0m] Started Load/Save Random Seed.
[[0;32m  OK  [0m] Started udev Kernel Device Manager.
[[0;32m  OK  [0m] Started Flush Journal to Persistent Storage.
[   22.678687] iscsi: registered transport (iser)
[[0;32m  OK  [0m] Started Load Kernel Modules.
         Starting Apply Kernel Variables...
         Mounting FUSE Control File System...
         Mounting Kernel Configuration File System...
[[0;32m  OK  [0m] Mounted FUSE Control File System.
[[0;32m  OK  [0m] Mounted Kernel Configuration File System.
[[0;32m  OK  [0m] Started Apply Kernel Variables.
[[0;32m  OK  [0m] Found device /dev/ttyS0.
[[0;32m  OK  [0m] Listening on Load/Save RF Kill Switch Status /dev/rfkill Watch.
         Mounting Arbitrary Executable File Formats File System...
[[0;32m  OK  [0m] Started Set the console keyboard layout.
[[0;32m  OK  [0m] Mounted Arbitrary Executable File Formats File System.
[[0;32m  OK  [0m] Reached target Local File Systems (Pre).
[[0;32m  OK  [0m] Reached target Local File Systems.
         Starting Create Volatile Files and Directories...
         Starting ebtables ruleset management...
         Starting Tell Plymouth To Write Out Runtime Data...
         Starting Commit a transient machine-id on disk...
         Starting AppArmor initialization...
         Starting Set console font and keymap...
[[0;32m  OK  [0m] Started Dispatch Password Requests to Console Directory Watch.
[[0;32m  OK  [0m] Reached target Local Encrypted Volumes.
[[0;32m  OK  [0m] Started Tell Plymouth To Write Out Runtime Data.
[[0;32m  OK  [0m] Started Create Volatile Files and Directories.
         Starting Update UTMP about System Boot/Shutdown...
[[0;32m  OK  [0m] Started Commit a transient machine-id on disk.
[[0;32m  OK  [0m] Started Update UTMP about System Boot/Shutdown.
[[0;32m  OK  [0m] Started ebtables ruleset management.
[[0;32m  OK  [0m] Started AppArmor initialization.
         Starting Initial cloud-init job (pre-networking)...
         Starting Load AppArmor profiles managed internally by snapd...
[[0;32m  OK  [0m] Started Load AppArmor profiles managed internally by snapd.
[[0;32m  OK  [0m] Started Set console font and keymap.
[   31.114534] cloud-init[754]: Cloud-init v. 23.1.2-0ubuntu0~18.04.1 running 'init-local' at Sun, 18 Feb 2024 20:46:59 +0000. Up 30.15 seconds.
[[0;32m  OK  [0m] Started Initial cloud-init job (pre-networking).
[[0;32m  OK  [0m] Reached target Network (Pre).
         Starting Network Service...
[[0;32m  OK  [0m] Started Network Service.
         Starting Wait for Network to be Configured...
         Starting Network Name Resolution...
[[0;32m  OK  [0m] Started Network Name Resolution.
[[0;32m  OK  [0m] Reached target Network.
[[0;32m  OK  [0m] Reached target Host and Network Name Lookups.
[[0;32m  OK  [0m] Started Wait for Network to be Configured.
         Starting Initial cloud-init job (metadata service crawler)...
[   34.706656] cloud-init[907]: Cloud-init v. 23.1.2-0ubuntu0~18.04.1 running 'init' at Sun, 18 Feb 2024 20:47:04 +0000. Up 34.38 seconds.
[   34.715300] cloud-init[907]: ci-info: ++++++++++++++++++++++++++++++++++++++Net device info+++++++++++++++++++++++++++++++++++++++
[   34.722581] cloud-init[907]: ci-info: +--------+-------+----------------------------+---------------+--------+-------------------+
[   34.732310] cloud-init[907]: ci-info: | Device |   Up  |          Address           |      Mask     | Scope  |     Hw-Address    |
[   34.739663] cloud-init[907]: ci-info: +--------+-------+----------------------------+---------------+--------+-------------------+
[   34.749493] cloud-init[907]: ci-info: | enp0s3 |  True |         10.0.2.15          | 255.255.255.0 | global | 02:3b:7b:b7:3b:2d |
[   34.756671] cloud-init[907]: ci-info: | enp0s3 |  True | fe80::3b:7bff:feb7:3b2d/64 |       .       |  link  | 02:3b:7b:b7:3b:2d |
[   34.763700] cloud-init[907]: ci-info: | enp0s8 | False |             .              |       .       |   .    | 08:00:27:61:56:cc |
[   34.771533] cloud-init[907]: ci-info: |   lo   |  True |         127.0.0.1          |   255.0.0.0   |  host  |         .         |
[   34.778420] cloud-init[907]: ci-info: |   lo   |  True |          ::1/128           |       .       |  host  |         .         |
[   34.785597] cloud-init[907]: ci-info: +--------+-------+----------------------------+---------------+--------+-------------------+
[   34.793687] cloud-init[907]: ci-info: ++++++++++++++++++++++++++++Route IPv4 info+++++++++++++++++++++++++++++
[   34.800624] cloud-init[907]: ci-info: +-------+-------------+----------+-----------------+-----------+-------+
[   34.807420] cloud-init[907]: ci-info: | Route | Destination | Gateway  |     Genmask     | Interface | Flags |
[   34.814531] cloud-init[907]: ci-info: +-------+-------------+----------+-----------------+-----------+-------+
[   34.821546] cloud-init[907]: ci-info: |   0   |   0.0.0.0   | 10.0.2.2 |     0.0.0.0     |   enp0s3  |   UG  |
[   34.828140] cloud-init[907]: ci-info: |   1   |   10.0.2.0  | 0.0.0.0  |  255.255.255.0  |   enp0s3  |   U   |
[   34.835783] cloud-init[907]: ci-info: |   2   |   10.0.2.2  | 0.0.0.0  | 255.255.255.255 |   enp0s3  |   UH  |
[   34.842506] cloud-init[907]: ci-info: +-------+-------------+----------+-----------------+-----------+-------+
[   34.848616] cloud-init[907]: ci-info: +++++++++++++++++++Route IPv6 info+++++++++++++++++++
[   34.855181] cloud-init[907]: ci-info: +-------+-------------+---------+-----------+-------+
[   34.859911] cloud-init[907]: ci-info: | Route | Destination | Gateway | Interface | Flags |
[   34.865351] cloud-init[907]: ci-info: +-------+-------------+---------+-----------+-------+
[   34.870584] cloud-init[907]: ci-info: |   1   |  fe80::/64  |    ::   |   enp0s3  |   U   |
[   34.876352] cloud-init[907]: ci-info: |   3   |    local    |    ::   |   enp0s3  |   U   |
[   34.881422] cloud-init[907]: ci-info: |   4   |   ff00::/8  |    ::   |   enp0s3  |   U   |
[   34.886785] cloud-init[907]: ci-info: +-------+-------------+---------+-----------+-------+
[   36.795442] cloud-init[907]: Generating public/private rsa key pair.
[   36.809487] cloud-init[907]: Your identification has been saved in /etc/ssh/ssh_host_rsa_key.
[   36.823579] cloud-init[907]: Your public key has been saved in /etc/ssh/ssh_host_rsa_key.pub.
[   36.837784] cloud-init[907]: The key fingerprint is:
[   36.847947] cloud-init[907]: SHA256:0QhZWNjdZMku96YoYmZx9VuYIscLry44AcCZybFFOgs root@ubuntu-bionic
[   36.865393] cloud-init[907]: The key's randomart image is:
[   36.875265] cloud-init[907]: +---[RSA 2048]----+
[   36.884058] cloud-init[907]: |o.*o  .Bo. +o.   |
[   36.894624] cloud-init[907]: |.*+   +..o..+    |
[   36.907314] [[0;32m  OK  [0m] Started Initial cloud-init job (metadata service crawler).
[[0;32m  OK  [0m] Reached target Cloud-config availability.
[[0;32m  OK  [0m] Reached target System Initialization.
[[0;32m  OK  [0m] Started Daily apt download activities.
[[0;32m  OK  [0m] Listening on Open-iSCSI iscsid Socket.
[[0;32m  OK  [0m] Started Daily Cleanup of Temporary Directories.
cloud-init[907]: |E=      o ..     |
[[0;32m  OK  [0m] Started ACPI Events Check.
[   36.939621] cloud-init         Starting LXD - unix socket.
[[0;32m  OK  [0m] Listening on UUID daemon activation socket.
[[0;32m  OK  [0m] Listening on D-Bus System Message Bus Socket.
         Starting Socket activation for snappy daemon.
[907]: [[0;32m  OK  [0m] Started Discard unused blocks once a week.
[[0;32m  OK  [0m] Started Ubuntu Advantage Timer for running repeated jobs.
[[0;32m  OK  [0m] Reached target Paths.
[[0;32m  OK  [0m] Listening on ACPID Listen Socket.
[[0;32m  OK  [0m] Started Message of the Day.
[[0;32m  OK  [0m] Listening on cloud-init hotplug hook socket.
[[0;32m  OK  [0m] Started Daily apt upgrade and clean activities.
[[0;32m  OK  [0m] Reached target Timers.
[[0;32m  OK  [0m] Reached target Network is Online.
[[0;32m  OK  [0m] Reached target Remote File Systems (Pre).
[[0;32m  OK  [0m] Reached target Remote File Systems.
         Starting Availability of block devices...
[[0;32m  OK  [0m] Listening on LXD - unix socket.
[[0;32m  OK  [0m] Listening on Socket activation for snappy daemon.
[[0;32m  OK  [0m] Reached target Sockets.
[[0;32m  OK  [0m] Reached target Basic System.
[[0;32m  OK  [0m] Started FUSE filesystem for LXC.
[[0;32m  OK  [0m] Started Deferred execution scheduler.
         Starting LSB: automatic crash report generation...
         Starting Permit User Sessions...
         Starting Dispatcher daemon for systemd-networkd...
[[0;32m  OK  [0m] Started D-Bus System Message Bus.
|. +      .o o    |
[   37.032021] cloud-init[907]: | . .    So + +   |
[   37.042034] cloud-init[907]: |    . . + + + +  |
[   37.053526] cloud-init[907]: |     o o = + =   |
[   37.064971] cloud-init[907]: |    o * . + o    |
[   37.074225] cloud-init[907]: |     = +oo       |
[   37.097060] cloud-init[907]: +----[SHA256]-----+
[   37.125895] cloud-init[907]: Generating public/private dsa key pair.
[   37.144031] cloud-init[907]: Your identification has been saved in /etc/ssh/ssh_host_dsa_key.
[   37.167707] cloud-init[907]: Your public key has been saved in /etc/ssh/ssh_host_dsa_key.pub.
[   37.191767] cloud-init[907]: The key fingerprint is:
[   37.218126] cloud-init         Starting Snap Daemon...
[[0;32m  OK  [0m] Started irqbalance daemon.
         Starting Virtualbox guest utils...
[907]: SHA256:rdGb7eVC7J8gCVJzTeW961nOrKsp2g66vkGQKG3LceQ root@ubuntu-bionic[[0;32m  OK  [0m] Started Regular background program processing daemon.

[   37.251567]          Starting LSB: Record successful boot for GRUB...
cloud-init[907]:          Starting Accounts Service...
The key's randomart image is:
[   37.276161] cloud-init[907]: +---[DSA 1024]----+
[   37.306112] cloud-init[907]: |    .       ...  |
[   37.319146] cloud-init[907]: | . + .     o . . |
[   37.332834] cloud-init[907]: |. = E   o . . . .|
[   37.344354] cloud-init[907]: | + + . . =      .|
[   37.354880] cloud-init         Starting Pollinate to seed the pseudo random number generator...
         Starting System Logging Service...
[[0;32m  OK  [0m] Reached target Login Prompts (Pre).
         Starting LXD - container startup/shutdown...
[907]: |  o   o S o.   . |
         Starting Login Service...
[   37.412026] [[0;32m  OK  [0m] Started Availability of block devices.
[[0;32m  OK  [0m] Started Permit User Sessions.
cloud-init[907]:          Starting Terminate Plymouth Boot Screen...
         Starting Hold until boot process finishes up...
|     . . + =o   .|
[   37.498576] cloud-init[907]: |      . o =oo ...|[[0;32m  OK  [0m] Started Hold until boot process finishes up.

[[0;32m  OK  [0m] Started Serial Getty on ttyS0.
         Starting Set console scheme...
[[0;32m  OK  [0m] Started Terminate Plymouth Boot Screen.
[   37.571474] cloud-init[907]: |       o o.oo=.=o|
[   37.602320] cloud-init[907]: |     .=o.oo.++*=+|
[   37.617576] cloud-init[907]: +----[SHA256]-----+
[   37.640128] cloud-init[907]: Generating public/private ecdsa key pair.
[   37.669626] cloud-init[907]: Your identification has been saved in /etc/ssh/ssh_host_ecdsa_key.
[   37.705501] cloud-init[907]: [[0;32m  OK  [0m] Started Set console scheme.
[[0;32m  OK  [0m] Created slice system-getty.slice.
[[0;32m  OK  [0m] Started Getty on tty1.
[[0;32m  OK  [0m] Reached target Login Prompts.
Your public key has been saved in /etc/ssh/ssh_host_ecdsa_key.pub.
[   37.755892] cloud-init[907]: The key fingerprint is:
[   37.761164] cloud-init[907]: SHA256:jQCesYDNpIs2tT+jz49zWSY2NIUy3Zjo3gtJLscRU3c root@ubuntu-bionic
[   37.767633] cloud-init[907]: The key's randomart image is:
[   37.771140] cloud-init[907]: +---[ECDSA 256]---+
[   37.774367] cloud-init[907]: | =o o +.=. E     |
[   37.777468] cloud-init[907]: |..oo @ =.o.      |
[   37.780684] cloud-init[907]: |.  .= * .        |
[   37.783940] cloud-init[907]: |... .+ + o       |
[   37.787994] cloud-init[907]: |oo .= = S .      |
[   37.792566] cloud-init[907]: |. ...B = o       |
[   37.797718] cloud-init[907]: |    o+o B        |
[   37.801588] cloud-init[907]: |    o.++         |
[   37.805682] cloud-init[907]: |   ..++.         |
[   37.809397] cloud-init[907]: +----[SHA256]-----+
[   37.818485] cloud-init[907]: Generating public/private ed25519 key pair.
[   37.826973] cloud-init[907]: Your identification has been saved in /etc/ssh/ssh_host_ed25519_key.
[   37.833318] cloud-init[907]: Your public key has been saved in /etc/ssh/ssh_host_ed25519_key.pub.
[   37.839722] cloud-init[907]: The key fingerprint is:
[   37.843038] cloud-init[907]: SHA256:rDSHJ0A1+T98XndJmN9h8nBSJW4osCgxzYCa9i+SAW4 root@ubuntu-bionic
[   37.849640] cloud-init[907]: The key's randomart image is:
[   37.853545] cloud-init[907]: +--[ED25519 256]--+
[   37.857094] cloud-init[907]: |   .==o..     . o|
[   37.860788] cloud-init[907]: |  .. o+o o   o o |
[   37.864771] cloud-init[907]: | o  o ... . . *  |
[   37.868663] cloud-init[907]: |+.   o o.  . B = |
[   37.872508] cloud-init[907]: |+ .   = So    X +|
[   37.875703] cloud-init[907]: | E . . *  + . .++|
[   37.878923] cloud-init[907]: |. o . .    + . ..|
[   37.883964] cloud-init[907]: | o . .      .    |
[   37.893616] cloud-init[907]: |  . .            |
[   37.902151] cloud-init[907]: +----[SHA256]-----+
[[0;32m  OK  [0m] Started System Logging Service.
[[0;32m  OK  [0m] Started LSB: automatic crash report generation.
[[0;32m  OK  [0m] Started Login Service.
[[0;32m  OK  [0m] Started Unattended Upgrades Shutdown.
         Starting Authorization Manager...
[[0;32m  OK  [0m] Started LSB: Record successful boot for GRUB.
[[0;32m  OK  [0m] Started Virtualbox guest utils.
[[0;32m  OK  [0m] Started Authorization Manager.
[[0;32m  OK  [0m] Started Accounts Service.
[[0;32m  OK  [0m] Started LXD - container startup/shutdown.
[[0;32m  OK  [0m] Started Dispatcher daemon for systemd-networkd.
[[0;32m  OK  [0m] Started Snap Daemon.
         Starting Wait until snapd is fully seeded...
[[0;32m  OK  [0m] Started Pollinate to seed the pseudo random number generator.
         Starting OpenBSD Secure Shell server...
[[0;32m  OK  [0m] Started OpenBSD Secure Shell server.
[[0;32m  OK  [0m] Created slice User Slice of vagrant.
         Starting User Manager for UID 1000...
[[0;32m  OK  [0m] Started Session 1 of user vagrant.
[[0;32m  OK  [0m] Started User Manager for UID 1000.
         Starting Time & Date Service...
[[0;32m  OK  [0m] Started Time & Date Service.

Ubuntu 18.04.6 LTS ubuntu-bionic ttyS0

ubuntu-bionic login: [   47.515562] cloud-init[1426]: Cloud-init v. 23.1.2-0ubuntu0~18.04.1 running 'modules:config' at Sun, 18 Feb 2024 20:47:15 +0000. Up 46.17 seconds.
ci-info: no authorized SSH keys fingerprints found for user ubuntu.
<14>Feb 18 20:47:18 cloud-init: #############################################################
<14>Feb 18 20:47:18 cloud-init: -----BEGIN SSH HOST KEY FINGERPRINTS-----
<14>Feb 18 20:47:18 cloud-init: 1024 SHA256:rdGb7eVC7J8gCVJzTeW961nOrKsp2g66vkGQKG3LceQ root@ubuntu-bionic (DSA)
<14>Feb 18 20:47:18 cloud-init: 256 SHA256:jQCesYDNpIs2tT+jz49zWSY2NIUy3Zjo3gtJLscRU3c root@ubuntu-bionic (ECDSA)
<14>Feb 18 20:47:18 cloud-init: 256 SHA256:rDSHJ0A1+T98XndJmN9h8nBSJW4osCgxzYCa9i+SAW4 root@ubuntu-bionic (ED25519)
<14>Feb 18 20:47:18 cloud-init: 2048 SHA256:0QhZWNjdZMku96YoYmZx9VuYIscLry44AcCZybFFOgs root@ubuntu-bionic (RSA)
<14>Feb 18 20:47:18 cloud-init: -----END SSH HOST KEY FINGERPRINTS-----
<14>Feb 18 20:47:18 cloud-init: #############################################################
-----BEGIN SSH HOST KEY KEYS-----
ecdsa-sha2-nistp256 AAAAE2VjZHNhLXNoYTItbmlzdHAyNTYAAAAIbmlzdHAyNTYAAABBBK1PmDxAeh8dfKfGxswOnDCIo+fizSIWs3biZfNOHKP8Upcsl++7qqAL1eB5moEkPtvXqWbTW0r5h+6fhuGOmpc= root@ubuntu-bionic
ssh-ed25519 AAAAC3NzaC1lZDI1NTE5AAAAIB9YAayDDBAcx/DMK8xfmy6HWgV3LKXDMxwCNzimuN5R root@ubuntu-bionic
ssh-rsa AAAAB3NzaC1yc2EAAAADAQABAAABAQDN91pT1hOFovJYR5w9rCWrjd/g8uaBEZz/N543SLospl0EHghjGiV0RD+gXog3NWer6fiORCPusQTzUAw+po/h02KvY78QuJ8xLchDiQ/KC6Q2GL8UxXMEB4ptxYUtN8ir3rIkNx3bvL7lQcd2fl6mB+xqEzAG76NyyHmJ+f+KopWjjEpPCeo6iyZSLzgi1xiMN4R5K2gFdpXyAYq01aFWtZxf7TnywH3KEUdQmYuL3xDHHyGu18TGB7vMH1qC9DJBh1pA8mpEDCBvyHnD96Cx4KxyE4qrwzAHMJcdTCqJ+rY9ptSzwNzQkedlnwXsM7Sz3RKxQqa7n5PQlQMpVzXX root@ubuntu-bionic
-----END SSH HOST KEY KEYS-----
[   49.313955] cloud-init[1526]: Cloud-init v. 23.1.2-0ubuntu0~18.04.1 running 'modules:final' at Sun, 18 Feb 2024 20:47:18 +0000. Up 48.81 seconds.
[   49.314890] cloud-init[1526]: Cloud-init v. 23.1.2-0ubuntu0~18.04.1 finished at Sun, 18 Feb 2024 20:47:18 +0000. Datasource DataSourceNoCloud [seed=/dev/sdb][dsmode=net].  Up 49.29 seconds
